$ techelson --contract rsc/simpleExample/contracts/simpleExample.tz -- rsc/simpleExample/okay/create2.techel
Running test `Create2`

running test script...
   timestamp: 1970-01-01 00:00:00 +00:00
stack:
|==================================================================================================|
|                                                                                            @main |
| address[1]@main                                                                                  |
| address                                                                                          |
|--------------------------------------------------------------------------------------------------|
| [ CREATE[uid:0] (@address[1]@main, "sha512:manager address", None, true, true, 3utz) "SimpleExample" ] |
| (list operation)                                                                                 |
|==================================================================================================|

running test script...
   timestamp: 1970-01-01 00:00:00 +00:00
stopping [operation is now in a list] press `return` to continue


running test script...
   timestamp: 1970-01-01 00:00:00 +00:00

applying operation CREATE[uid:0] (@address[1]@main, "sha512:manager address", None, true, true, 3utz) "SimpleExample"
   timestamp: 1970-01-01 00:00:00 +00:00
   live contracts: none
=> live contracts: SimpleExample (3utz) address[1]@main

running test script...
   timestamp: 1970-01-01 00:00:00 +00:00
stack:
|==================================================================================================|
|                                                                                            @main |
| address[1]@main                                                                                  |
| address                                                                                          |
|==================================================================================================|

running test script...
   timestamp: 1970-01-01 00:00:00 +00:00
stopping [testing that contract exists] press `return` to continue


running test script...
   timestamp: 1970-01-01 00:00:00 +00:00
stack:
|==================================================================================================|
| address[1]@main                                                                                  |
| (contract bool)                                                                                  |
|--------------------------------------------------------------------------------------------------|
| "success"                                                                                        |
| string                                                                                           |
|==================================================================================================|

running test script...
   timestamp: 1970-01-01 00:00:00 +00:00

Done running test `Create2`
