$ techelson --contract rsc/simpleExample/contracts/simpleExample.tz -- rsc/simpleExample/okay/create1.techel
Running test `Create1`

running test script...
stack:
|==================================================================================================|
|                                                                                         @storage |
| 0                                                                                                |
| nat                                                                                              |
|--------------------------------------------------------------------------------------------------|
|                                                                                          @amount |
| 3utz                                                                                             |
| mutez                                                                                            |
|--------------------------------------------------------------------------------------------------|
|                                                                                     @delegatable |
| True                                                                                             |
| bool                                                                                             |
|--------------------------------------------------------------------------------------------------|
|                                                                                       @spendable |
| True                                                                                             |
| bool                                                                                             |
|--------------------------------------------------------------------------------------------------|
|                                                                                        @delegate |
| None                                                                                             |
| (option key_hash)                                                                                |
|--------------------------------------------------------------------------------------------------|
|                                                                                         @manager |
| "sha512:manager address"                                                                         |
| key_hash                                                                                         |
|==================================================================================================|

running test script...
stopping [before creation] press `return` to continue


running test script...
stack:
|==================================================================================================|
| address[1]                                                                                       |
| address                                                                                          |
|--------------------------------------------------------------------------------------------------|
| CREATE[uid:0] (@address[1], "sha512:manager address", None, true, true, 3utz) "SimpleExample"    |
| operation                                                                                        |
|==================================================================================================|

running test script...
stopping [after creation] press `return` to continue


running test script...
Done running test `Create1`
