$ techelson --contract rsc/simpleExample/contracts/simpleExample.tz -- rsc/simpleExample/okay/transfer.techel
Running test `Transfer`
Running test script...

Applying Operations...
Running test script...

Applying Operations...

Contract Transfer...

Applying Operations...

Contract Transfer...

Applying Operations...
Running test script...
stack:
|==================================================================================================|
| address[1]@main                                                                                  |
| (contract bool)                                                                                  |
|--------------------------------------------------------------------------------------------------|
| 23utz                                                                                            |
| mutez                                                                                            |
|==================================================================================================|
Running test script...
stopping [retrieved the balance of the contract] press `return` to continue

Running test script...
stack:
|==================================================================================================|
| 1                                                                                                |
| nat                                                                                              |
|==================================================================================================|
Running test script...
stopping [retrieved the storage of the contract] press `return` to continue

Running test script...
Done running test `Transfer`
