$ techelson rsc/no_contract/okay/anonymous.techel
Running test `Anonymous`

running test script...

applying operation CREATE[uid:0] (@address[1]@main, "sha512:manager address", None, true, true, 3utz) 
                       {
                           storage nat ;
                           parameter bool ;
                           code ...;
                       }
   live contracts: none
=> live contracts: <anonymous> (3utz) address[1]@main

running test script...
stack:
|==================================================================================================|
| address[1]@main                                                                                  |
| (contract bool)                                                                                  |
|--------------------------------------------------------------------------------------------------|
| 3utz                                                                                             |
| mutez                                                                                            |
|==================================================================================================|

running test script...
stopping [retrieved the balance of the contract] press `return` to continue


running test script...
stack:
|==================================================================================================|
| 0                                                                                                |
| nat                                                                                              |
|==================================================================================================|

running test script...
stopping [retrieved the storage of the contract] press `return` to continue


running test script...
Done running test `Anonymous`
