$ techelson --contract rsc/admins/contracts/admins.tz -- rsc/admins/okay/create.techel
Running test `Create`

running test script...
stack:
|==================================================================================================|
| [ CREATE[uid:1] (@address[2]@new_admin, "sha512:@new_admin_manager", None, true, true, 0utz) 
      {
          storage unit ;
          parameter unit ;
          code ...;
      }, CREATE[uid:0] (@address[1]@root, "sha512:@root_manager", None, true, true, 0utz) 
             {
                 storage unit ;
                 parameter unit ;
                 code ...;
             } ] |
| (list operation)                                                                                 |
|--------------------------------------------------------------------------------------------------|
|                                                                                            @root |
| address[1]@root                                                                                  |
| address                                                                                          |
|--------------------------------------------------------------------------------------------------|
|                                                                                       @new_admin |
| address[2]@new_admin                                                                             |
| address                                                                                          |
|--------------------------------------------------------------------------------------------------|
|                                                                                         @clients |
| Map { }                                                                                          |
| (map string (pair address (pair mutez (contract unit))))                                         |
|--------------------------------------------------------------------------------------------------|
|                                                                                          @admins |
| Map { }                                                                                          |
| (map string address)                                                                             |
|--------------------------------------------------------------------------------------------------|
|                                                                                         @address |
| (Some address[1]@root)                                                                           |
| (option address)                                                                                 |
|--------------------------------------------------------------------------------------------------|
|                                                                                            @name |
| "root"                                                                                           |
| string                                                                                           |
|==================================================================================================|

running test script...

applying operation CREATE[uid:2] (@address[3]@admins, "sha512:@contract_manager", None, false, true, 0utz) "Admins"
   live contracts: none
=> live contracts: <anonymous> (0utz) address[2]@new_admin
                   Admins (0utz) address[3]@admins
                   <anonymous> (0utz) address[1]@root

running test script...
stack:
|==================================================================================================|
|                                                                                            @root |
| address[1]@root                                                                                  |
| address                                                                                          |
|--------------------------------------------------------------------------------------------------|
|                                                                                       @new_admin |
| address[2]@new_admin                                                                             |
| address                                                                                          |
|--------------------------------------------------------------------------------------------------|
|                                                                                          @admins |
| address[3]@admins                                                                                |
| address                                                                                          |
|==================================================================================================|

running test script...
stopping [after applying creation operations.] press `return` to continue


running test script...
Done running test `Create`
