$ techelson --contract rsc/admins/contracts/admins.tz -- rsc/admins/okay/preciseMustFail.techel
Running test `PreciseMustFail`

running test script...

applying operation CREATE[uid:2] (@address[3]@admins, "sha512:@contract_manager", None, false, true, 0utz) "Admins"
   live contracts: none
=> live contracts: <anonymous> (0utz) address[2]@new_admin
                   Admins (0utz) address[3]@admins
                   <anonymous> (0utz) address[1]@root

running test script...
stack:
|==================================================================================================|
|                                                                                            @root |
| address[1]@root                                                                                  |
| address                                                                                          |
|--------------------------------------------------------------------------------------------------|
|                                                                                       @new_admin |
| address[2]@new_admin                                                                             |
| address                                                                                          |
|--------------------------------------------------------------------------------------------------|
| address[3]@admins                                                                                |
| (contract (pair string (pair string address)))                                                   |
|--------------------------------------------------------------------------------------------------|
|                                                                                  @this_must_fail |
| MUST_FAIL[uid:4] "illegal access to admin account" : string (TRANSFER[uid:3] address[0]@PreciseMustFail -> address[3]@admins 0utz ("root", ("new_admin", address[2]@new_admin))) |
| operation                                                                                        |
|==================================================================================================|

running test script...

applying operation MUST_FAIL[uid:4] "illegal access to admin account" : 
string (TRANSFER[uid:3] address[0]@PreciseMustFail -> address[3]@admins 0utz ("root", ("new_admin", address[2]@new_admin)))
   live contracts: <anonymous> (0utz) address[2]@new_admin
                   Admins (0utz) address[3]@admins
                   <anonymous> (0utz) address[1]@root

running TRANSFER[uid:3] address[0]@PreciseMustFail -> address[3]@admins 0utz ("root", ("new_admin", address[2]@new_admin))
=> live contracts: <anonymous> (0utz) address[2]@new_admin
                   Admins (0utz) address[3]@admins
                   <anonymous> (0utz) address[1]@root

failure confirmed on test operation
  MUST_FAIL[uid:4] "illegal access to admin account" : string (TRANSFER[uid:3] address[0]@PreciseMustFail -> address[3]@admins 0utz ("root", ("new_admin", address[2]@new_admin)))
while running operation TRANSFER[uid:3] address[0]@PreciseMustFail -> address[3]@admins 0utz ("root", ("new_admin", address[2]@new_admin))
failed with value "illegal access to admin account" : string

running test script...
Done running test `PreciseMustFail`
