$ techelson --contract rsc/admins/contracts/admins.tz -- rsc/admins/okay/setSource.techel
Running test `SetSource`

running test script...

applying operation CREATE[uid:2] (@address[3]@admins, "sha512:@contract_manager", None, false, true, 0utz) "Admins"
   live contracts: none
=> live contracts: Admins (0utz) address[3]@admins
applying operation CREATE[uid:1] (@address[2]@new_admin, "sha512:@new_admin_manager", None, true, true, 0utz) 
                       {
                           storage unit ;
                           parameter unit ;
                           code ...;
                       }
   live contracts: Admins (0utz) address[3]@admins
=> live contracts: <anonymous> (0utz) address[2]@new_admin
                   Admins (0utz) address[3]@admins
applying operation CREATE[uid:0] (@address[1]@root, "sha512:@root_manager", None, true, true, 0utz) 
                       {
                           storage unit ;
                           parameter unit ;
                           code ...;
                       }
   live contracts: <anonymous> (0utz) address[2]@new_admin
                   Admins (0utz) address[3]@admins
=> live contracts: <anonymous> (0utz) address[2]@new_admin
                   Admins (0utz) address[3]@admins
                   <anonymous> (0utz) address[1]@root

running test script...
stack:
|==================================================================================================|
|                                                                                            @root |
| address[1]@root                                                                                  |
| address                                                                                          |
|--------------------------------------------------------------------------------------------------|
|                                                                                       @new_admin |
| address[2]@new_admin                                                                             |
| address                                                                                          |
|--------------------------------------------------------------------------------------------------|
| address[3]@admins                                                                                |
| (contract (pair string (pair string address)))                                                   |
|--------------------------------------------------------------------------------------------------|
| address[3]@admins                                                                                |
| (contract (pair string (pair string address)))                                                   |
|--------------------------------------------------------------------------------------------------|
|                                                                                          @amount |
| 0utz                                                                                             |
| mutez                                                                                            |
|--------------------------------------------------------------------------------------------------|
|                                                                                         @storage |
| ("root", ("new_admin", address[2]@new_admin))                                                    |
| (pair string (pair string address))                                                              |
|--------------------------------------------------------------------------------------------------|
| address[1]@root                                                                                  |
| address                                                                                          |
|==================================================================================================|

running test script...
stopping [no information] press `return` to continue


running test script...
stack:
|==================================================================================================|
|                                                                                            @root |
| address[1]@root                                                                                  |
| address                                                                                          |
|--------------------------------------------------------------------------------------------------|
|                                                                                       @new_admin |
| address[2]@new_admin                                                                             |
| address                                                                                          |
|--------------------------------------------------------------------------------------------------|
| address[3]@admins                                                                                |
| (contract (pair string (pair string address)))                                                   |
|--------------------------------------------------------------------------------------------------|
| TRANSFER[uid:3] address[1]@root -> address[3]@admins 0utz ("root", ("new_admin", address[2]@new_admin)) |
| operation                                                                                        |
|==================================================================================================|

running test script...

applying operation TRANSFER[uid:3] address[1]@root -> address[3]@admins 0utz ("root", ("new_admin", address[2]@new_admin))
   live contracts: <anonymous> (0utz) address[2]@new_admin
                   Admins (0utz) address[3]@admins
                   <anonymous> (0utz) address[1]@root

running TRANSFER[uid:3] address[1]@root -> address[3]@admins 0utz ("root", ("new_admin", address[2]@new_admin))
=> live contracts: <anonymous> (0utz) address[2]@new_admin
                   Admins (0utz) address[3]@admins
                   <anonymous> (0utz) address[1]@root

=> live contracts: <anonymous> (0utz) address[2]@new_admin
                   Admins (0utz) address[3]@admins
                   <anonymous> (0utz) address[1]@root

running test script...
Done running test `SetSource`
